<?xml version="1.0" encoding="UTF-8"?>
<Site BuildName="(empty)"
	BuildStamp="20240626-1049-Experimental"
	Name="two-asus"
	Generator="ctest-3.22.1"
	CompilerName="/usr/bin/c++"
	CompilerVersion="11.4.0"
	OSName="Linux"
	Hostname="two-asus"
	OSRelease="6.5.0-41-generic"
	OSVersion="#41~22.04.2-Ubuntu SMP PREEMPT_DYNAMIC Mon Jun  3 11:32:55 UTC 2"
	OSPlatform="x86_64"
	Is64Bits="1"
	VendorString="AuthenticAMD"
	VendorID="Advanced Micro Devices"
	FamilyID="25"
	ModelID="68"
	ProcessorCacheSize="512"
	NumberOfLogicalCPU="16"
	NumberOfPhysicalCPU="8"
	TotalVirtualMemory="2047"
	TotalPhysicalMemory="15234"
	LogicalProcessorsPerPhysical="2"
	ProcessorClockFrequency="2332.65"
	>
	<Testing>
		<StartDateTime>Jun 26 19:04 +07</StartDateTime>
		<StartTestTime>1719403481</StartTestTime>
		<TestList/>
		<EndDateTime>Jun 26 19:04 +07</EndDateTime>
		<EndTestTime>1719403481</EndTestTime>
		<ElapsedMinutes>0</ElapsedMinutes>
	</Testing>
</Site>
